# JRE version: OpenJDK Runtime Environment Temurin-17.0.11+9 (17.0.11+9) (build 17.0.11+9)
# Java VM: OpenJDK 64-Bit Server VM Temurin-17.0.11+9 (17.0.11+9, mixed mode, tiered, compressed oops, compressed class ptrs, g1 gc, windows-amd64)
GC Precious Log:
 CPUs: 8 total, 8 available
 Memory: 8086M
 Large Page Support: Disabled
 NUMA Support: Disabled
 Compressed Oops: Enabled (32-bit)
 Heap Region Size: 1M
 Heap Min Capacity: 8M
 Heap Initial Capacity: 128M
 Heap Max Capacity: 2022M
 Pre-touch: Disabled
 Parallel Workers: 8
 Concurrent Workers: 2
 Concurrent Refinement Workers: 8
 Periodic GC: Disabled
Heap:
 garbage-first heap   total 131072K, used 22987K [0x0000000081a00000, 0x0000000100000000)
  region size 1024K, 1 young (1024K), 1 survivors (1024K)
 Metaspace       used 14202K, committed 14400K, reserved 1114112K
  class space    used 1367K, committed 1472K, reserved 1048576K
GC Heap History (20 events):
Event: 19.854 GC heap after
{Heap after GC invocations=10 (full 0):
 garbage-first heap   total 131072K, used 10666K [0x0000000081a00000, 0x0000000100000000)
  region size 1024K, 1 young (1024K), 1 survivors (1024K)
 Metaspace       used 14005K, committed 14208K, reserved 1114112K
  class space    used 1367K, committed 1472K, reserved 1048576K
}
Event: 28.911 GC heap before
{Heap before GC invocations=10 (full 0):
 garbage-first heap   total 131072K, used 56746K [0x0000000081a00000, 0x0000000100000000)
  region size 1024K, 3 young (3072K), 1 survivors (1024K)
 Metaspace       used 14110K, committed 14336K, reserved 1114112K
  class space    used 1367K, committed 1472K, reserved 1048576K
}
Event: 28.912 GC heap after
{Heap after GC invocations=11 (full 0):
 garbage-first heap   total 131072K, used 51645K [0x0000000081a00000, 0x0000000100000000)
  region size 1024K, 1 young (1024K), 1 survivors (1024K)
 Metaspace       used 14110K, committed 14336K, reserved 1114112K
  class space    used 1367K, committed 1472K, reserved 1048576K
}
Event: 28.919 GC heap before
{Heap before GC invocations=11 (full 0):
 garbage-first heap   total 131072K, used 55741K [0x0000000081a00000, 0x0000000100000000)
  region size 1024K, 2 young (2048K), 1 survivors (1024K)
 Metaspace       used 14114K, committed 14336K, reserved 1114112K
  class space    used 1367K, committed 1472K, reserved 1048576K
}
Event: 28.920 GC heap after
{Heap after GC invocations=12 (full 0):
 garbage-first heap   total 131072K, used 10682K [0x0000000081a00000, 0x0000000100000000)
  region size 1024K, 1 young (1024K), 1 survivors (1024K)
 Metaspace       used 14114K, committed 14336K, reserved 1114112K
  class space    used 1367K, committed 1472K, reserved 1048576K
}
Event: 29.005 GC heap before
{Heap before GC invocations=12 (full 0):
 garbage-first heap   total 131072K, used 56762K [0x0000000081a00000, 0x0000000100000000)
  region size 1024K, 3 young (3072K), 1 survivors (1024K)
 Metaspace       used 14134K, committed 14336K, reserved 1114112K
  class space    used 1367K, committed 1472K, reserved 1048576K
}
Event: 29.006 GC heap after
{Heap after GC invocations=13 (full 0):
 garbage-first heap   total 131072K, used 51643K [0x0000000081a00000, 0x0000000100000000)
  region size 1024K, 1 young (1024K), 1 survivors (1024K)
 Metaspace       used 14134K, committed 14336K, reserved 1114112K
  class space    used 1367K, committed 1472K, reserved 1048576K
}
Event: 29.013 GC heap before
{Heap before GC invocations=13 (full 0):
 garbage-first heap   total 131072K, used 55739K [0x0000000081a00000, 0x0000000100000000)
  region size 1024K, 2 young (2048K), 1 survivors (1024K)
 Metaspace       used 14141K, committed 14336K, reserved 1114112K
  class space    used 1367K, committed 1472K, reserved 1048576K
}
Event: 29.014 GC heap after
{Heap after GC invocations=14 (full 0):
 garbage-first heap   total 131072K, used 10678K [0x0000000081a00000, 0x0000000100000000)
  region size 1024K, 1 young (1024K), 1 survivors (1024K)
 Metaspace       used 14141K, committed 14336K, reserved 1114112K
  class space    used 1367K, committed 1472K, reserved 1048576K
}
Event: 29.910 GC heap before
{Heap before GC invocations=14 (full 0):
 garbage-first heap   total 131072K, used 56758K [0x0000000081a00000, 0x0000000100000000)
  region size 1024K, 3 young (3072K), 1 survivors (1024K)
 Metaspace       used 14151K, committed 14336K, reserved 1114112K
  class space    used 1367K, committed 1472K, reserved 1048576K
}
Event: 29.911 GC heap after
{Heap after GC invocations=15 (full 0):
 garbage-first heap   total 131072K, used 51643K [0x0000000081a00000, 0x0000000100000000)
  region size 1024K, 1 young (1024K), 1 survivors (1024K)
 Metaspace       used 14151K, committed 14336K, reserved 1114112K
  class space    used 1367K, committed 1472K, reserved 1048576K
}
Event: 32.225 GC heap before
{Heap before GC invocations=15 (full 0):
 garbage-first heap   total 131072K, used 59835K [0x0000000081a00000, 0x0000000100000000)
  region size 1024K, 2 young (2048K), 1 survivors (1024K)
 Metaspace       used 14180K, committed 14400K, reserved 1114112K
  class space    used 1367K, committed 1472K, reserved 1048576K
}
Event: 32.226 GC heap after
{Heap after GC invocations=16 (full 0):
 garbage-first heap   total 131072K, used 22970K [0x0000000081a00000, 0x0000000100000000)
  region size 1024K, 1 young (1024K), 1 survivors (1024K)
 Metaspace       used 14180K, committed 14400K, reserved 1114112K
  class space    used 1367K, committed 1472K, reserved 1048576K
}
Event: 34.443 GC heap before
{Heap before GC invocations=16 (full 0):
 garbage-first heap   total 131072K, used 55738K [0x0000000081a00000, 0x0000000100000000)
  region size 1024K, 2 young (2048K), 1 survivors (1024K)
 Metaspace       used 14195K, committed 14400K, reserved 1114112K
  class space    used 1367K, committed 1472K, reserved 1048576K
}
Event: 34.444 GC heap after
{Heap after GC invocations=17 (full 0):
 garbage-first heap   total 131072K, used 47547K [0x0000000081a00000, 0x0000000100000000)
  region size 1024K, 1 young (1024K), 1 survivors (1024K)
 Metaspace       used 14195K, committed 14400K, reserved 1114112K
  class space    used 1367K, committed 1472K, reserved 1048576K
}
Event: 34.461 GC heap before
{Heap before GC invocations=17 (full 0):
 garbage-first heap   total 131072K, used 55739K [0x0000000081a00000, 0x0000000100000000)
  region size 1024K, 2 young (2048K), 1 survivors (1024K)
 Metaspace       used 14196K, committed 14400K, reserved 1114112K
  class space    used 1367K, committed 1472K, reserved 1048576K
}
Event: 34.462 GC heap after
{Heap after GC invocations=18 (full 0):
 garbage-first heap   total 131072K, used 22975K [0x0000000081a00000, 0x0000000100000000)
  region size 1024K, 1 young (1024K), 1 survivors (1024K)
 Metaspace       used 14196K, committed 14400K, reserved 1114112K
  class space    used 1367K, committed 1472K, reserved 1048576K
}
Event: 34.524 GC heap before
{Heap before GC invocations=18 (full 0):
 garbage-first heap   total 131072K, used 56767K [0x0000000081a00000, 0x0000000100000000)
  region size 1024K, 3 young (3072K), 1 survivors (1024K)
 Metaspace       used 14200K, committed 14400K, reserved 1114112K
  class space    used 1367K, committed 1472K, reserved 1048576K
}
Event: 34.525 GC heap after
{Heap after GC invocations=19 (full 0):
 garbage-first heap   total 131072K, used 47559K [0x0000000081a00000, 0x0000000100000000)
  region size 1024K, 1 young (1024K), 1 survivors (1024K)
 Metaspace       used 14200K, committed 14400K, reserved 1114112K
  class space    used 1367K, committed 1472K, reserved 1048576K
}
Event: 34.548 GC heap before
{Heap before GC invocations=19 (full 0):
 garbage-first heap   total 131072K, used 56775K [0x0000000081a00000, 0x0000000100000000)
  region size 1024K, 3 young (3072K), 1 survivors (1024K)
 Metaspace       used 14202K, committed 14400K, reserved 1114112K
  class space    used 1367K, committed 1472K, reserved 1048576K
}

